{"/Users/dortheking/Code/project_/in-order/server/models/product.js": {"path":"/Users/dortheking/Code/project_/in-order/server/models/product.js","statementMap":{"0":{"start":{"line":2,"column":17},"end":{"line":2,"column":36}},"1":{"start":{"line":5,"column":22},"end":{"line":28,"column":2}},"2":{"start":{"line":30,"column":0},"end":{"line":30,"column":56}}},"fnMap":{},"branchMap":{},"s":{"0":1,"1":1,"2":1},"f":{},"b":{},"_coverageSchema":"1a1c01bbd47fc00a2c39e90264f33305004495a9","hash":"54ec7a0d763a6a25724e1551dd945fb540fd2deb"}
,"/Users/dortheking/Code/project_/in-order/server/models/user.js": {"path":"/Users/dortheking/Code/project_/in-order/server/models/user.js","statementMap":{"0":{"start":{"line":2,"column":17},"end":{"line":2,"column":36}},"1":{"start":{"line":5,"column":19},"end":{"line":57,"column":2}},"2":{"start":{"line":59,"column":0},"end":{"line":59,"column":50}}},"fnMap":{},"branchMap":{},"s":{"0":1,"1":1,"2":1},"f":{},"b":{},"_coverageSchema":"1a1c01bbd47fc00a2c39e90264f33305004495a9","hash":"f20e9e43b6c2b400576e33c5ff21774684525983"}
,"/Users/dortheking/Code/project_/in-order/server/routes/products.js": {"path":"/Users/dortheking/Code/project_/in-order/server/routes/products.js","statementMap":{"0":{"start":{"line":3,"column":16},"end":{"line":3,"column":34}},"1":{"start":{"line":4,"column":16},"end":{"line":4,"column":44}},"2":{"start":{"line":6,"column":15},"end":{"line":6,"column":31}},"3":{"start":{"line":7,"column":16},"end":{"line":7,"column":44}},"4":{"start":{"line":13,"column":0},"end":{"line":24,"column":2}},"5":{"start":{"line":15,"column":4},"end":{"line":23,"column":5}},"6":{"start":{"line":17,"column":24},"end":{"line":17,"column":44}},"7":{"start":{"line":18,"column":8},"end":{"line":18,"column":25}},"8":{"start":{"line":21,"column":8},"end":{"line":21,"column":54}},"9":{"start":{"line":26,"column":0},"end":{"line":28,"column":2}},"10":{"start":{"line":27,"column":4},"end":{"line":27,"column":38}},"11":{"start":{"line":30,"column":0},"end":{"line":45,"column":2}},"12":{"start":{"line":32,"column":20},"end":{"line":37,"column":6}},"13":{"start":{"line":39,"column":4},"end":{"line":44,"column":5}},"14":{"start":{"line":40,"column":27},"end":{"line":40,"column":47}},"15":{"start":{"line":41,"column":8},"end":{"line":41,"column":40}},"16":{"start":{"line":43,"column":8},"end":{"line":43,"column":55}},"17":{"start":{"line":47,"column":0},"end":{"line":69,"column":2}},"18":{"start":{"line":49,"column":4},"end":{"line":51,"column":5}},"19":{"start":{"line":50,"column":8},"end":{"line":50,"column":56}},"20":{"start":{"line":53,"column":4},"end":{"line":55,"column":5}},"21":{"start":{"line":54,"column":8},"end":{"line":54,"column":64}},"22":{"start":{"line":57,"column":4},"end":{"line":59,"column":5}},"23":{"start":{"line":58,"column":8},"end":{"line":58,"column":56}},"24":{"start":{"line":63,"column":4},"end":{"line":68,"column":5}},"25":{"start":{"line":64,"column":30},"end":{"line":64,"column":54}},"26":{"start":{"line":65,"column":8},"end":{"line":65,"column":43}},"27":{"start":{"line":67,"column":8},"end":{"line":67,"column":55}},"28":{"start":{"line":71,"column":0},"end":{"line":79,"column":2}},"29":{"start":{"line":73,"column":4},"end":{"line":78,"column":5}},"30":{"start":{"line":74,"column":8},"end":{"line":74,"column":55}},"31":{"start":{"line":75,"column":8},"end":{"line":75,"column":49}},"32":{"start":{"line":77,"column":8},"end":{"line":77,"column":53}},"33":{"start":{"line":83,"column":4},"end":{"line":90,"column":5}},"34":{"start":{"line":84,"column":8},"end":{"line":84,"column":55}},"35":{"start":{"line":85,"column":8},"end":{"line":87,"column":9}},"36":{"start":{"line":86,"column":12},"end":{"line":86,"column":73}},"37":{"start":{"line":89,"column":8},"end":{"line":89,"column":62}},"38":{"start":{"line":92,"column":4},"end":{"line":92,"column":25}},"39":{"start":{"line":93,"column":4},"end":{"line":93,"column":10}},"40":{"start":{"line":96,"column":0},"end":{"line":96,"column":23}}},"fnMap":{"0":{"name":"(anonymous_0)","decl":{"start":{"line":13,"column":15},"end":{"line":13,"column":16}},"loc":{"start":{"line":13,"column":32},"end":{"line":24,"column":1}},"line":13},"1":{"name":"(anonymous_1)","decl":{"start":{"line":26,"column":29},"end":{"line":26,"column":30}},"loc":{"start":{"line":26,"column":41},"end":{"line":28,"column":1}},"line":26},"2":{"name":"(anonymous_2)","decl":{"start":{"line":30,"column":16},"end":{"line":30,"column":17}},"loc":{"start":{"line":30,"column":33},"end":{"line":45,"column":1}},"line":30},"3":{"name":"(anonymous_3)","decl":{"start":{"line":47,"column":31},"end":{"line":47,"column":32}},"loc":{"start":{"line":47,"column":48},"end":{"line":69,"column":1}},"line":47},"4":{"name":"(anonymous_4)","decl":{"start":{"line":71,"column":32},"end":{"line":71,"column":33}},"loc":{"start":{"line":71,"column":49},"end":{"line":79,"column":1}},"line":71},"5":{"name":"getProduct","decl":{"start":{"line":81,"column":15},"end":{"line":81,"column":25}},"loc":{"start":{"line":81,"column":39},"end":{"line":94,"column":1}},"line":81}},"branchMap":{"0":{"loc":{"start":{"line":49,"column":4},"end":{"line":51,"column":5}},"type":"if","locations":[{"start":{"line":49,"column":4},"end":{"line":51,"column":5}},{"start":{},"end":{}}],"line":49},"1":{"loc":{"start":{"line":53,"column":4},"end":{"line":55,"column":5}},"type":"if","locations":[{"start":{"line":53,"column":4},"end":{"line":55,"column":5}},{"start":{},"end":{}}],"line":53},"2":{"loc":{"start":{"line":57,"column":4},"end":{"line":59,"column":5}},"type":"if","locations":[{"start":{"line":57,"column":4},"end":{"line":59,"column":5}},{"start":{},"end":{}}],"line":57},"3":{"loc":{"start":{"line":85,"column":8},"end":{"line":87,"column":9}},"type":"if","locations":[{"start":{"line":85,"column":8},"end":{"line":87,"column":9}},{"start":{},"end":{}}],"line":85}},"s":{"0":1,"1":1,"2":1,"3":1,"4":1,"5":4,"6":4,"7":4,"8":0,"9":1,"10":0,"11":1,"12":0,"13":0,"14":0,"15":0,"16":0,"17":1,"18":0,"19":0,"20":0,"21":0,"22":0,"23":0,"24":0,"25":0,"26":0,"27":0,"28":1,"29":0,"30":0,"31":0,"32":0,"33":0,"34":0,"35":0,"36":0,"37":0,"38":0,"39":0,"40":1},"f":{"0":4,"1":0,"2":0,"3":0,"4":0,"5":0},"b":{"0":[0,0],"1":[0,0],"2":[0,0],"3":[0,0]},"_coverageSchema":"1a1c01bbd47fc00a2c39e90264f33305004495a9","hash":"fa9de380dd7c445adfa4543dc8cefd447b67f2d0"}
,"/Users/dortheking/Code/project_/in-order/server/routes/users.js": {"path":"/Users/dortheking/Code/project_/in-order/server/routes/users.js","statementMap":{"0":{"start":{"line":3,"column":16},"end":{"line":3,"column":34}},"1":{"start":{"line":4,"column":13},"end":{"line":4,"column":38}},"2":{"start":{"line":6,"column":15},"end":{"line":6,"column":31}},"3":{"start":{"line":7,"column":13},"end":{"line":7,"column":38}},"4":{"start":{"line":13,"column":0},"end":{"line":24,"column":2}},"5":{"start":{"line":15,"column":4},"end":{"line":23,"column":5}},"6":{"start":{"line":17,"column":22},"end":{"line":17,"column":39}},"7":{"start":{"line":18,"column":8},"end":{"line":18,"column":23}},"8":{"start":{"line":21,"column":8},"end":{"line":21,"column":54}},"9":{"start":{"line":26,"column":0},"end":{"line":28,"column":2}},"10":{"start":{"line":27,"column":4},"end":{"line":27,"column":32}},"11":{"start":{"line":30,"column":0},"end":{"line":50,"column":2}},"12":{"start":{"line":32,"column":17},"end":{"line":42,"column":6}},"13":{"start":{"line":44,"column":4},"end":{"line":49,"column":5}},"14":{"start":{"line":45,"column":24},"end":{"line":45,"column":41}},"15":{"start":{"line":46,"column":8},"end":{"line":46,"column":37}},"16":{"start":{"line":48,"column":8},"end":{"line":48,"column":55}},"17":{"start":{"line":52,"column":0},"end":{"line":88,"column":2}},"18":{"start":{"line":54,"column":4},"end":{"line":56,"column":5}},"19":{"start":{"line":55,"column":8},"end":{"line":55,"column":47}},"20":{"start":{"line":58,"column":4},"end":{"line":60,"column":5}},"21":{"start":{"line":59,"column":8},"end":{"line":59,"column":45}},"22":{"start":{"line":62,"column":4},"end":{"line":64,"column":5}},"23":{"start":{"line":63,"column":8},"end":{"line":63,"column":45}},"24":{"start":{"line":66,"column":4},"end":{"line":68,"column":5}},"25":{"start":{"line":67,"column":8},"end":{"line":67,"column":49}},"26":{"start":{"line":70,"column":4},"end":{"line":72,"column":5}},"27":{"start":{"line":71,"column":8},"end":{"line":71,"column":47}},"28":{"start":{"line":74,"column":4},"end":{"line":76,"column":5}},"29":{"start":{"line":75,"column":8},"end":{"line":75,"column":55}},"30":{"start":{"line":78,"column":4},"end":{"line":80,"column":5}},"31":{"start":{"line":79,"column":8},"end":{"line":79,"column":47}},"32":{"start":{"line":82,"column":4},"end":{"line":87,"column":5}},"33":{"start":{"line":83,"column":27},"end":{"line":83,"column":48}},"34":{"start":{"line":84,"column":8},"end":{"line":84,"column":40}},"35":{"start":{"line":86,"column":8},"end":{"line":86,"column":55}},"36":{"start":{"line":90,"column":0},"end":{"line":98,"column":2}},"37":{"start":{"line":92,"column":4},"end":{"line":97,"column":5}},"38":{"start":{"line":93,"column":8},"end":{"line":93,"column":52}},"39":{"start":{"line":94,"column":8},"end":{"line":94,"column":46}},"40":{"start":{"line":96,"column":8},"end":{"line":96,"column":53}},"41":{"start":{"line":102,"column":4},"end":{"line":109,"column":5}},"42":{"start":{"line":103,"column":8},"end":{"line":103,"column":49}},"43":{"start":{"line":104,"column":8},"end":{"line":106,"column":9}},"44":{"start":{"line":105,"column":12},"end":{"line":105,"column":73}},"45":{"start":{"line":108,"column":8},"end":{"line":108,"column":62}},"46":{"start":{"line":111,"column":4},"end":{"line":111,"column":19}},"47":{"start":{"line":112,"column":4},"end":{"line":112,"column":10}},"48":{"start":{"line":115,"column":0},"end":{"line":115,"column":23}}},"fnMap":{"0":{"name":"(anonymous_0)","decl":{"start":{"line":13,"column":15},"end":{"line":13,"column":16}},"loc":{"start":{"line":13,"column":32},"end":{"line":24,"column":1}},"line":13},"1":{"name":"(anonymous_1)","decl":{"start":{"line":26,"column":26},"end":{"line":26,"column":27}},"loc":{"start":{"line":26,"column":38},"end":{"line":28,"column":1}},"line":26},"2":{"name":"(anonymous_2)","decl":{"start":{"line":30,"column":16},"end":{"line":30,"column":17}},"loc":{"start":{"line":30,"column":33},"end":{"line":50,"column":1}},"line":30},"3":{"name":"(anonymous_3)","decl":{"start":{"line":52,"column":28},"end":{"line":52,"column":29}},"loc":{"start":{"line":52,"column":45},"end":{"line":88,"column":1}},"line":52},"4":{"name":"(anonymous_4)","decl":{"start":{"line":90,"column":29},"end":{"line":90,"column":30}},"loc":{"start":{"line":90,"column":46},"end":{"line":98,"column":1}},"line":90},"5":{"name":"getUser","decl":{"start":{"line":100,"column":15},"end":{"line":100,"column":22}},"loc":{"start":{"line":100,"column":36},"end":{"line":113,"column":1}},"line":100}},"branchMap":{"0":{"loc":{"start":{"line":54,"column":4},"end":{"line":56,"column":5}},"type":"if","locations":[{"start":{"line":54,"column":4},"end":{"line":56,"column":5}},{"start":{},"end":{}}],"line":54},"1":{"loc":{"start":{"line":58,"column":4},"end":{"line":60,"column":5}},"type":"if","locations":[{"start":{"line":58,"column":4},"end":{"line":60,"column":5}},{"start":{},"end":{}}],"line":58},"2":{"loc":{"start":{"line":62,"column":4},"end":{"line":64,"column":5}},"type":"if","locations":[{"start":{"line":62,"column":4},"end":{"line":64,"column":5}},{"start":{},"end":{}}],"line":62},"3":{"loc":{"start":{"line":66,"column":4},"end":{"line":68,"column":5}},"type":"if","locations":[{"start":{"line":66,"column":4},"end":{"line":68,"column":5}},{"start":{},"end":{}}],"line":66},"4":{"loc":{"start":{"line":70,"column":4},"end":{"line":72,"column":5}},"type":"if","locations":[{"start":{"line":70,"column":4},"end":{"line":72,"column":5}},{"start":{},"end":{}}],"line":70},"5":{"loc":{"start":{"line":74,"column":4},"end":{"line":76,"column":5}},"type":"if","locations":[{"start":{"line":74,"column":4},"end":{"line":76,"column":5}},{"start":{},"end":{}}],"line":74},"6":{"loc":{"start":{"line":78,"column":4},"end":{"line":80,"column":5}},"type":"if","locations":[{"start":{"line":78,"column":4},"end":{"line":80,"column":5}},{"start":{},"end":{}}],"line":78},"7":{"loc":{"start":{"line":104,"column":8},"end":{"line":106,"column":9}},"type":"if","locations":[{"start":{"line":104,"column":8},"end":{"line":106,"column":9}},{"start":{},"end":{}}],"line":104}},"s":{"0":1,"1":1,"2":1,"3":1,"4":1,"5":5,"6":5,"7":5,"8":0,"9":1,"10":0,"11":1,"12":0,"13":0,"14":0,"15":0,"16":0,"17":1,"18":0,"19":0,"20":0,"21":0,"22":0,"23":0,"24":0,"25":0,"26":0,"27":0,"28":0,"29":0,"30":0,"31":0,"32":0,"33":0,"34":0,"35":0,"36":1,"37":0,"38":0,"39":0,"40":0,"41":0,"42":0,"43":0,"44":0,"45":0,"46":0,"47":0,"48":1},"f":{"0":5,"1":0,"2":0,"3":0,"4":0,"5":0},"b":{"0":[0,0],"1":[0,0],"2":[0,0],"3":[0,0],"4":[0,0],"5":[0,0],"6":[0,0],"7":[0,0]},"_coverageSchema":"1a1c01bbd47fc00a2c39e90264f33305004495a9","hash":"70e066704018b74d0583900b0a78a36bdfbe0ed4"}
}
